c:\users\wallace\source\repos\cardetection\cardetection\generatedfiles\debug\moc_mainwindow.cpp
c:\users\wallace\source\repos\cardetection\cardetection\generatedfiles\debug\moc_qcustomplot.cpp
c:\users\wallace\source\repos\cardetection\cardetection\generatedfiles\qrc_mainwindow.cpp
c:\users\wallace\source\repos\cardetection\cardetection\generatedfiles\ui_mainwindow.h
c:\users\wallace\source\repos\cardetection\cardetection\x64\debug\moc_mainwindow.obj
c:\users\wallace\source\repos\cardetection\cardetection\x64\debug\main.obj
c:\users\wallace\source\repos\cardetection\cardetection\x64\debug\mainwindow.obj
c:\users\wallace\source\repos\cardetection\cardetection\x64\debug\facade.obj
c:\users\wallace\source\repos\cardetection\cardetection\x64\debug\opticalflowalg.obj
c:\users\wallace\source\repos\cardetection\cardetection\x64\debug\moc_qcustomplot.obj
c:\users\wallace\source\repos\cardetection\cardetection\x64\debug\algorithm.obj
c:\users\wallace\source\repos\cardetection\cardetection\x64\debug\observer.obj
c:\users\wallace\source\repos\cardetection\cardetection\x64\debug\qcustomplot.obj
c:\users\wallace\source\repos\cardetection\cardetection\x64\debug\video.obj
c:\users\wallace\source\repos\cardetection\cardetection\x64\debug\qrc_mainwindow.obj
c:\users\wallace\source\repos\cardetection\cardetection\x64\debug\vc141.pdb
c:\users\wallace\source\repos\cardetection\x64\debug\cardetection.exe
c:\users\wallace\source\repos\cardetection\x64\debug\cardetection.ilk
c:\users\wallace\source\repos\cardetection\x64\debug\cardetection.pdb
c:\users\wallace\source\repos\cardetection\cardetection\x64\debug\cardetection.tlog\cardetection.write.1u.tlog
c:\users\wallace\source\repos\cardetection\cardetection\x64\debug\cardetection.tlog\cl.command.1.tlog
c:\users\wallace\source\repos\cardetection\cardetection\x64\debug\cardetection.tlog\cl.read.1.tlog
c:\users\wallace\source\repos\cardetection\cardetection\x64\debug\cardetection.tlog\cl.write.1.tlog
c:\users\wallace\source\repos\cardetection\cardetection\x64\debug\cardetection.tlog\link.command.1.tlog
c:\users\wallace\source\repos\cardetection\cardetection\x64\debug\cardetection.tlog\link.read.1.tlog
c:\users\wallace\source\repos\cardetection\cardetection\x64\debug\cardetection.tlog\link.write.1.tlog
